*** Using Compiler 'V6.14', folder: 'D:\Keil_v5\ARM\ARMCLANG\Bin'
Build target 'MSPM0G3507_Project'
Before Build - User command #1: cmd.exe /C "D:\EDC2026\github_upload\DianJiXZ\firmware\WHEELTEC_C07A_CAR\keil\../tools/keil/syscfg.bat 'D:\EDC2026\github_upload\DianJiXZ\firmware\WHEELTEC_C07A_CAR\keil\' empty.syscfg"
Using Sysconfig Tool from "C:\ti\sysconfig_1.20.0\sysconfig_cli.bat"
"Update the file located at <sdk path>/tools/keil/syscfg.bat to use a different version"
"Couldn't find .metadata\product.json"
Invalid argument '-s': File "D:\.metadata\product.json" does not exist
compiling board.c...
compiling DataScope_DP.C...
compiling key.c...
compiling adc.c...
compiling encoder.c...
compiling empty.c...
compiling CCD.c...
compiling show.c...
compiling motor.c...
compiling oled.c...
compiling control.c...
compiling uart_callback.c...
linking...
Program Size: Code=21992 RO-data=3324 RW-data=40 ZI-data=5760  
FromELF: creating hex file...
".\Objects\empty_LP_MSPM0G3507_nortos_keil.axf" - 0 Error(s), 0 Warning(s).
Build Time Elapsed:  00:00:03
