<html>
<body>
<pre>
<h1>µVision Build Log</h1>
<h2>Tool Versions:</h2>
IDE-Version: ¦ĚVision V5.31.0.0
Copyright (C) 2020 ARM Ltd and ARM Germany GmbH. All rights reserved.
License Information: A A, A, LIC=P6F8T-RSE1M-JP7ZQ-NAD8B-9XMRM-D8U94
 
Tool Versions:
Toolchain:       MDK-ARM Professional  Version: 5.31.0.0
Toolchain Path:  D:\Keil_v5\ARM\ARMCLANG\Bin
C Compiler:      ArmClang.exe V6.14
Assembler:       Armasm.exe V6.14
Linker/Locator:  ArmLink.exe V6.14
Library Manager: ArmAr.exe V6.14
Hex Converter:   FromElf.exe V6.14
CPU DLL:         SARMCM3.DLL V5.31.0.0
Dialog DLL:      DARMCM1.DLL V1.19.3.0
Target DLL:      CMSIS_AGDI.dll V1.32.6.0
Dialog DLL:      TARMCM1.DLL V1.14.2.0
 
<h2>Project:</h2>
D:\EDC2026\projects\WHEELTEC_C07A_CAR_JY62_GapBridge\keil\empty_LP_MSPM0G3507_nortos_keil.uvprojx
Project File Date:  07/11/2026

<h2>Output:</h2>
*** Using Compiler 'V6.14', folder: 'D:\Keil_v5\ARM\ARMCLANG\Bin'
Build target 'WHEELTEC_JY62_GapBridge'
compiling key.c...
compiling empty.c...
compiling board.c...
compiling DataScope_DP.C...
compiling adc.c...
compiling CCD.c...
compiling encoder.c...
compiling motor.c...
compiling oled.c...
compiling show.c...
compiling control.c...
compiling uart_callback.c...
linking...
Program Size: Code=16856 RO-data=3132 RW-data=28 ZI-data=5596  
FromELF: creating hex file...
".\Objects\WHEELTEC_JY62_GapBridge.axf" - 0 Error(s), 0 Warning(s).

<h2>Software Packages used:</h2>

Package Vendor: TexasInstruments
                https://software-dl.ti.com/msp430/esd/MSPM0-CMSIS/MSPM0G1X0X_G3X0X/latest/exports/TexasInstruments.MSPM0G1X0X_G3X0X_DFP.1.3.1.pack
                TexasInstruments.MSPM0G1X0X_G3X0X_DFP.1.3.1
                Device Family Pack for Texas Instruments MSPM0G1X0X_G3X0X Series

<h2>Collection of Component include folders:</h2>

<h2>Collection of Component Files used:</h2>
Build Time Elapsed:  00:00:03
</pre>
</body>
</html>
